<?xml version="1.0" encoding="UTF-8"?>
<testng-results ignored="0" total="1" passed="1" failed="0" skipped="0">
  <reporter-output>
  </reporter-output>
  <suite started-at="2024-09-13T10:48:11 IST" name="Default suite" finished-at="2024-09-13T10:48:18 IST" duration-ms="7202">
    <groups>
    </groups>
    <test started-at="2024-09-13T10:48:11 IST" name="Default test" finished-at="2024-09-13T10:48:18 IST" duration-ms="7202">
      <class name="seleniumwebdriverproject.ss">
        <test-method is-config="true" signature="setup()[pri:0, instance:seleniumwebdriverproject.ss@43dac38f]" started-at="2024-09-13T10:48:11 IST" name="setup" finished-at="2024-09-13T10:48:13 IST" duration-ms="2805" status="PASS">
          <reporter-output>
          </reporter-output>
        </test-method> <!-- setup -->
        <test-method signature="testGoogleSearch()[pri:0, instance:seleniumwebdriverproject.ss@43dac38f]" started-at="2024-09-13T10:48:13 IST" name="testGoogleSearch" finished-at="2024-09-13T10:48:17 IST" duration-ms="3806" status="PASS">
          <reporter-output>
          </reporter-output>
        </test-method> <!-- testGoogleSearch -->
        <test-method is-config="true" signature="tearDown()[pri:0, instance:seleniumwebdriverproject.ss@43dac38f]" started-at="2024-09-13T10:48:17 IST" name="tearDown" finished-at="2024-09-13T10:48:18 IST" duration-ms="549" status="PASS">
          <reporter-output>
          </reporter-output>
        </test-method> <!-- tearDown -->
      </class> <!-- seleniumwebdriverproject.ss -->
    </test> <!-- Default test -->
  </suite> <!-- Default suite -->
</testng-results>
